<?xml version="1.0" encoding="UTF-8"?>
<testsuite xmlns:xsi="http://www.w3.org/2001/XMLSchema-instance" xsi:noNamespaceSchemaLocation="https://maven.apache.org/surefire/maven-surefire-plugin/xsd/surefire-test-report.xsd" name="TestSuite" time="7.793" tests="10" errors="0" skipped="0" failures="3">
  <properties>
[...]
</properties>
  <testcase name="createUserAPI" classname="com.qa.gorest.tests.CreateUserAPITest" time="2.419"/>
  <testcase name="createUserAPI" classname="com.qa.gorest.tests.CreateUserAPITest" time="1.37"/>
  <testcase name="createUserAPI" classname="com.qa.gorest.tests.CreateUserAPITest" time="0.113"/>
  <testcase name="createUserAPI" classname="com.qa.gorest.tests.CreateUserAPITest" time="0.32"/>
  <testcase name="createUserAPI" classname="com.qa.gorest.tests.CreateUserAPITest" time="0.112"/>
  <testcase name="getUserListAPITest" classname="com.qa.gorest.tests.GetUserAPITest" time="0.145"/>
  <testcase name="deleteUserTest" classname="com.qa.gorest.tests.DeleteUserAPITest" time="0.257"/>
  <testcase name="createUserAPI" classname="com.qa.gorest.tests.UpdateUserAPITest" time="0.966">
    <failure message="Failed to parse the JSON document" type="io.restassured.path.json.exception.JsonPathException"><![CDATA[io.restassured.path.json.exception.JsonPathException: Failed to parse the JSON document
	at com.qa.gorest.tests.UpdateUserAPITest.createUserAPI(UpdateUserAPITest.java:43)
Caused by: groovy.json.JsonException: Lexing failed on line: 1, column: 1, while reading '<', no possible valid JSON value or punctuation could be recognized.
	at com.qa.gorest.tests.UpdateUserAPITest.createUserAPI(UpdateUserAPITest.java:43)
]]></failure>
    <system-out><![CDATA[Request method:	POST
Request URI:	https://gorest.co.in/public-api/users
Proxy:			<none>
Request params:	<none>
Query params:	<none>
Form params:	<none>
Path params:	<none>
Headers:		Authorization=Bearer g0JIGvfO6SIYnwmMYDM-Kp3nCYVw-xInSDif
				Accept=*/*
				Content-Type=application/json; charset=UTF-8
Cookies:		<none>
Multiparts:		<none>
Body:
{
    "first_name": "Pratik1",
    "last_name": "Shitole1",
    "gender": "female",
    "dob": "1998-03-01",
    "email": "mahmqq1pnge@gmail.com",
    "phone": "+1-393-200-8273",
    "website": "https://www.google.com",
    "address": "premgeet test 01/234",
    "status": "active"
}
<html lang="en-US">
  <head>
    <meta charset="UTF-8"/>
    <meta name="viewport" content="width=device-width, initial-scale=1"/>
    <link rel="icon" type="image/x-icon" href="/favicon.ico"/>
    <meta name="csrf-param" content="_csrf"/>
    <meta name="csrf-token" content="vp9wyExyRkKJOnBhB3_kezHzGo1Q_LCNRFl3MaN6zT_t6RiEOD4NcsxtQhJ3SZRLWZ5r9Teu9-suFy5i80-ibw=="/>
    <title>Not Found (#404) -  GO REST</title>
    <link href="/css/font-awesome.min.css?v=1559586182" rel="stylesheet"/>
    <link href="/css/site.mini.css?v=1585631720" rel="stylesheet"/>
  </head>
  <body ng-app="goRestModule">
    <div class="wrap">
      <div class="nav-wrap">
        <nav id="w0" class="navbar navbar-default navbar-fixed-top">
          <div class="container">
            <div class="navbar-header">
              <button type="button" class="navbar-toggle" data-toggle="collapse" data-target="#w0-collapse">
                <span class="sr-only">Toggle navigation</span>
                <span class="icon-bar"/>
                <span class="icon-bar"/>
                <span class="icon-bar"/>
              </button>
              <a shape="rect" class="navbar-brand" href="/">
                <i class="fa fa-exchange gutter-sm-right text-default fa-lg"/>
Go Rest              </a>
            </div>
            <div class="collapse navbar-collapse" id="w0-collapse">
              <ul class="navbar-nav navbar-right nav" id="w1">
                <li>
                  <a shape="rect" class="visible-xsd" href="/chandamama-kathalu.html">
                    <i class="fa fa-moon-o gutter-sm-right" aria-hidden="true"/>
Chandamama Stories                  </a>
                </li>
                <li>
                  <a shape="rect" href="/rest-console.html">
                    <i class="fa fa-linux gutter-sm-right" aria-hidden="true"/>
Rest Console                  </a>
                </li>
                <li class="dropdown">
                  <a shape="rect" class="dropdown-toggle" href="#" data-toggle="dropdown">
                    <i class="fa fa-wrench gutter-sm-right"/>
Tools                     <span class="caret"/>
                  </a>
                  <ul class="dropdown-menu" id="w2">
                    <li>
                      <a shape="rect" tabindex="-1" href="/cipher/base64-encode-decode.html">
                        <i class="fa fa-exchange gutter-sm-right" aria-hidden="true"/>
Base64 Encode/Decode                      </a>
                    </li>
                    <li>
                      <a shape="rect" tabindex="-1" href="/cipher/url-encode-decode.html">
                        <i class="fa fa-exchange gutter-sm-right" aria-hidden="true"/>
Url Encode/Decode                      </a>
                    </li>
                    <li>
                      <a shape="rect" tabindex="-1" href="/cipher/md5-encrypt.html">
                        <i class="fa fa-exchange gutter-sm-right" aria-hidden="true"/>
MD5 Encrypt                      </a>
                    </li>
                    <li>
                      <a shape="rect" tabindex="-1" href="/cipher/md5-decrypt.html">
                        <i class="fa fa-exchange gutter-sm-right" aria-hidden="true"/>
MD5 Decrypt                      </a>
                    </li>
                    <li>
                      <a shape="rect" tabindex="-1" href="/cipher/sha1-hash.html">
                        <i class="fa fa-exchange gutter-sm-right" aria-hidden="true"/>
Sha1 Hash                      </a>
                    </li>
                    <li>
                      <a shape="rect" tabindex="-1" href="/tools/gcode-translator.html">
                        <i class="fa fa-exchange gutter-sm-right" aria-hidden="true"/>
G-Code Translator                      </a>
                    </li>
                  </ul>
                </li>
                <li>
                  <a shape="rect" href="/user/login.html">
                    <i class="fa fa-lock gutter-sm-right" aria-hidden="true"/>
Login                  </a>
                </li>
              </ul>
            </div>
          </div>
        </nav>
      </div>
      <div class="container">
        <div class="clearfix"/>
        <div class="site-error">
          <h1>Not Found (#404)</h1>
          <div class="alert alert-danger">
        Page not found.    </div>
          <p>
        The above error occurred while the Web server was processing your request.
    </p>
          <p>
        Please contact us if you think this is a server error. Thank you.
    </p>
        </div>
      </div>
      <footer class="footer gutter-lg-top">
        <div class="container">
          <p class="pull-left gutter-md-right">© Go Rest 2020</p>
          <a shape="rect" class="pull-right" href="/contact.html">Contact Us</a>
          <a shape="rect" class="pull-right gutter-md-right" href="/privacy-policy.html">Privacy Policy</a>
        </div>
      </footer>
    </div>
    <script src="/assets/ab0d11a2/jquery.min.js?v=1589688128"/>
    <script src="/assets/fcf0edc9/js/bootstrap.min.js?v=1589688128"/>
    <script type="text/javascript">
        !function(t,e,i,n){var s,o="autoHidingNavbar",h=t(e),a=t(i),r=null,u=null,l=70,f=0,d=null,m=h.height(),c=!0,g={disableAutohide:!1,showOnUpscroll:!0,showOnBottom:!0,hideOffset:"auto",animationDuration:200,navbarOffset:0};function p(e,i){this.element=t(e),this.settings=t.extend({},g,i),this._defaults=g,this._name=o,this.init()}function w(e){c&amp;&amp;(e.element.addClass("navbar-hidden").animate({top:-1*parseInt(e.element.css("height"),10)+e.settings.navbarOffset},{queue:!1,duration:e.settings.animationDuration}),t(".dropdown.open .dropdown-toggle",e.element).dropdown("toggle"),c=!1,e.element.trigger("hide.autoHidingNavbar"))}function O(t){c||(t.element.removeClass("navbar-hidden").animate({top:0},{queue:!1,duration:t.settings.animationDuration}),c=!0,t.element.trigger("show.autoHidingNavbar"))}function v(t){t.settings.disableAutohide||(f=(new Date).getTime(),function(t){var e=h.scrollTop(),i=e-d;if(d=e,i&lt;0){if(c)return;(t.settings.showOnUpscroll||e&lt;=s)&amp;&amp;O(t)}else if(i&gt;0){if(!c)return void(t.settings.showOnBottom&amp;&amp;e+m===a.height()&amp;&amp;O(t));e&gt;=s&amp;&amp;w(t)}}(t))}p.prototype={init:function(){var t;return this.elements={navbar:this.element},this.setDisableAutohide(this.settings.disableAutohide),this.setShowOnUpscroll(this.settings.showOnUpscroll),this.setShowOnBottom(this.settings.showOnBottom),this.setHideOffset(this.settings.hideOffset),this.setAnimationDuration(this.settings.animationDuration),s="auto"===this.settings.hideOffset?parseInt(this.element.css("height"),10):this.settings.hideOffset,t=this,a.on("scroll."+o,function(){(new Date).getTime()-f&gt;l?v(t):(clearTimeout(r),r=setTimeout(function(){v(t)},l))}),h.on("resize."+o,function(){clearTimeout(u),u=setTimeout(function(){m=h.height()},l)}),this.element},setDisableAutohide:function(t){return this.settings.disableAutohide=t,this.element},setShowOnUpscroll:function(t){return this.settings.showOnUpscroll=t,this.element},setShowOnBottom:function(t){return this.settings.showOnBottom=t,this.element},setHideOffset:function(t){return this.settings.hideOffset=t,this.element},setAnimationDuration:function(t){return this.settings.animationDuration=t,this.element},show:function(){return O(this),this.element},hide:function(){return w(this),this.element},destroy:function(){return a.off("."+o),h.off("."+o),O(this),t.data(this,"plugin_"+o,null),this.element}},t.fn[o]=function(e){var i,n=arguments;return void 0===e||"object"==typeof e?this.each(function(){t.data(this,"plugin_"+o)||t.data(this,"plugin_"+o,new p(this,e))}):"string"==typeof e&amp;&amp;"_"!==e[0]&amp;&amp;"init"!==e?(this.each(function(){var s=t.data(this,"plugin_"+o);s instanceof p&amp;&amp;"function"==typeof s[e]&amp;&amp;(i=s[e].apply(s,Array.prototype.slice.call(n,1)))}),void 0!==i?i:this):void 0}}(jQuery,window,document);
        $(function(){$('input[type="text"]').length&amp;&amp;$('input[type="text"]').attr("autocomplete","off"),$('[data-toggle="tooltip"]').length&amp;&amp;$('[data-toggle="tooltip"]').tooltip({html:!0}),$('[data-toggle="popover"]').length&amp;&amp;$('[data-toggle="popover"]').popover({html:!0}),$(".alert-dismissible").length&amp;&amp;setTimeout(function(){$(".alert-dismissible").slideUp(function(){$(this).remove()})},5e3)});
        jQuery("nav.navbar-fixed-top").autoHidingNavbar({animationDuration:250, showOnUpscroll:true, showOnBottom: false});
                (function(i,s,o,g,r,a,m){i['GoogleAnalyticsObject']=r;i[r]=i[r]||function(){(i[r].q=i[r].q||[]).push(arguments)},i[r].l=1*new Date();a=s.createElement(o),m=s.getElementsByTagName(o)[0];a.async=1;a.src=g;m.parentNode.insertBefore(a,m)})(window,document,'script','https://www.google-analytics.com/analytics.js','ga');
        ga('create', 'UA-80146209-1', 'auto');ga('send', 'pageview');
            </script>
  </body>
</html>
<html lang="en-US">
  <head>
    <meta charset="UTF-8"/>
    <meta name="viewport" content="width=device-width, initial-scale=1"/>
    <link rel="icon" type="image/x-icon" href="/favicon.ico"/>
    <meta name="csrf-param" content="_csrf"/>
    <meta name="csrf-token" content="vp9wyExyRkKJOnBhB3_kezHzGo1Q_LCNRFl3MaN6zT_t6RiEOD4NcsxtQhJ3SZRLWZ5r9Teu9-suFy5i80-ibw=="/>
    <title>Not Found (#404) -  GO REST</title>
    <link href="/css/font-awesome.min.css?v=1559586182" rel="stylesheet"/>
    <link href="/css/site.mini.css?v=1585631720" rel="stylesheet"/>
  </head>
  <body ng-app="goRestModule">
    <div class="wrap">
      <div class="nav-wrap">
        <nav id="w0" class="navbar navbar-default navbar-fixed-top">
          <div class="container">
            <div class="navbar-header">
              <button type="button" class="navbar-toggle" data-toggle="collapse" data-target="#w0-collapse">
                <span class="sr-only">Toggle navigation</span>
                <span class="icon-bar"/>
                <span class="icon-bar"/>
                <span class="icon-bar"/>
              </button>
              <a shape="rect" class="navbar-brand" href="/">
                <i class="fa fa-exchange gutter-sm-right text-default fa-lg"/>
Go Rest              </a>
            </div>
            <div class="collapse navbar-collapse" id="w0-collapse">
              <ul class="navbar-nav navbar-right nav" id="w1">
                <li>
                  <a shape="rect" class="visible-xsd" href="/chandamama-kathalu.html">
                    <i class="fa fa-moon-o gutter-sm-right" aria-hidden="true"/>
Chandamama Stories                  </a>
                </li>
                <li>
                  <a shape="rect" href="/rest-console.html">
                    <i class="fa fa-linux gutter-sm-right" aria-hidden="true"/>
Rest Console                  </a>
                </li>
                <li class="dropdown">
                  <a shape="rect" class="dropdown-toggle" href="#" data-toggle="dropdown">
                    <i class="fa fa-wrench gutter-sm-right"/>
Tools                     <span class="caret"/>
                  </a>
                  <ul class="dropdown-menu" id="w2">
                    <li>
                      <a shape="rect" tabindex="-1" href="/cipher/base64-encode-decode.html">
                        <i class="fa fa-exchange gutter-sm-right" aria-hidden="true"/>
Base64 Encode/Decode                      </a>
                    </li>
                    <li>
                      <a shape="rect" tabindex="-1" href="/cipher/url-encode-decode.html">
                        <i class="fa fa-exchange gutter-sm-right" aria-hidden="true"/>
Url Encode/Decode                      </a>
                    </li>
                    <li>
                      <a shape="rect" tabindex="-1" href="/cipher/md5-encrypt.html">
                        <i class="fa fa-exchange gutter-sm-right" aria-hidden="true"/>
MD5 Encrypt                      </a>
                    </li>
                    <li>
                      <a shape="rect" tabindex="-1" href="/cipher/md5-decrypt.html">
                        <i class="fa fa-exchange gutter-sm-right" aria-hidden="true"/>
MD5 Decrypt                      </a>
                    </li>
                    <li>
                      <a shape="rect" tabindex="-1" href="/cipher/sha1-hash.html">
                        <i class="fa fa-exchange gutter-sm-right" aria-hidden="true"/>
Sha1 Hash                      </a>
                    </li>
                    <li>
                      <a shape="rect" tabindex="-1" href="/tools/gcode-translator.html">
                        <i class="fa fa-exchange gutter-sm-right" aria-hidden="true"/>
G-Code Translator                      </a>
                    </li>
                  </ul>
                </li>
                <li>
                  <a shape="rect" href="/user/login.html">
                    <i class="fa fa-lock gutter-sm-right" aria-hidden="true"/>
Login                  </a>
                </li>
              </ul>
            </div>
          </div>
        </nav>
      </div>
      <div class="container">
        <div class="clearfix"/>
        <div class="site-error">
          <h1>Not Found (#404)</h1>
          <div class="alert alert-danger">
        Page not found.    </div>
          <p>
        The above error occurred while the Web server was processing your request.
    </p>
          <p>
        Please contact us if you think this is a server error. Thank you.
    </p>
        </div>
      </div>
      <footer class="footer gutter-lg-top">
        <div class="container">
          <p class="pull-left gutter-md-right">© Go Rest 2020</p>
          <a shape="rect" class="pull-right" href="/contact.html">Contact Us</a>
          <a shape="rect" class="pull-right gutter-md-right" href="/privacy-policy.html">Privacy Policy</a>
        </div>
      </footer>
    </div>
    <script src="/assets/ab0d11a2/jquery.min.js?v=1589688128"/>
    <script src="/assets/fcf0edc9/js/bootstrap.min.js?v=1589688128"/>
    <script type="text/javascript">
        !function(t,e,i,n){var s,o="autoHidingNavbar",h=t(e),a=t(i),r=null,u=null,l=70,f=0,d=null,m=h.height(),c=!0,g={disableAutohide:!1,showOnUpscroll:!0,showOnBottom:!0,hideOffset:"auto",animationDuration:200,navbarOffset:0};function p(e,i){this.element=t(e),this.settings=t.extend({},g,i),this._defaults=g,this._name=o,this.init()}function w(e){c&amp;&amp;(e.element.addClass("navbar-hidden").animate({top:-1*parseInt(e.element.css("height"),10)+e.settings.navbarOffset},{queue:!1,duration:e.settings.animationDuration}),t(".dropdown.open .dropdown-toggle",e.element).dropdown("toggle"),c=!1,e.element.trigger("hide.autoHidingNavbar"))}function O(t){c||(t.element.removeClass("navbar-hidden").animate({top:0},{queue:!1,duration:t.settings.animationDuration}),c=!0,t.element.trigger("show.autoHidingNavbar"))}function v(t){t.settings.disableAutohide||(f=(new Date).getTime(),function(t){var e=h.scrollTop(),i=e-d;if(d=e,i&lt;0){if(c)return;(t.settings.showOnUpscroll||e&lt;=s)&amp;&amp;O(t)}else if(i&gt;0){if(!c)return void(t.settings.showOnBottom&amp;&amp;e+m===a.height()&amp;&amp;O(t));e&gt;=s&amp;&amp;w(t)}}(t))}p.prototype={init:function(){var t;return this.elements={navbar:this.element},this.setDisableAutohide(this.settings.disableAutohide),this.setShowOnUpscroll(this.settings.showOnUpscroll),this.setShowOnBottom(this.settings.showOnBottom),this.setHideOffset(this.settings.hideOffset),this.setAnimationDuration(this.settings.animationDuration),s="auto"===this.settings.hideOffset?parseInt(this.element.css("height"),10):this.settings.hideOffset,t=this,a.on("scroll."+o,function(){(new Date).getTime()-f&gt;l?v(t):(clearTimeout(r),r=setTimeout(function(){v(t)},l))}),h.on("resize."+o,function(){clearTimeout(u),u=setTimeout(function(){m=h.height()},l)}),this.element},setDisableAutohide:function(t){return this.settings.disableAutohide=t,this.element},setShowOnUpscroll:function(t){return this.settings.showOnUpscroll=t,this.element},setShowOnBottom:function(t){return this.settings.showOnBottom=t,this.element},setHideOffset:function(t){return this.settings.hideOffset=t,this.element},setAnimationDuration:function(t){return this.settings.animationDuration=t,this.element},show:function(){return O(this),this.element},hide:function(){return w(this),this.element},destroy:function(){return a.off("."+o),h.off("."+o),O(this),t.data(this,"plugin_"+o,null),this.element}},t.fn[o]=function(e){var i,n=arguments;return void 0===e||"object"==typeof e?this.each(function(){t.data(this,"plugin_"+o)||t.data(this,"plugin_"+o,new p(this,e))}):"string"==typeof e&amp;&amp;"_"!==e[0]&amp;&amp;"init"!==e?(this.each(function(){var s=t.data(this,"plugin_"+o);s instanceof p&amp;&amp;"function"==typeof s[e]&amp;&amp;(i=s[e].apply(s,Array.prototype.slice.call(n,1)))}),void 0!==i?i:this):void 0}}(jQuery,window,document);
        $(function(){$('input[type="text"]').length&amp;&amp;$('input[type="text"]').attr("autocomplete","off"),$('[data-toggle="tooltip"]').length&amp;&amp;$('[data-toggle="tooltip"]').tooltip({html:!0}),$('[data-toggle="popover"]').length&amp;&amp;$('[data-toggle="popover"]').popover({html:!0}),$(".alert-dismissible").length&amp;&amp;setTimeout(function(){$(".alert-dismissible").slideUp(function(){$(this).remove()})},5e3)});
        jQuery("nav.navbar-fixed-top").autoHidingNavbar({animationDuration:250, showOnUpscroll:true, showOnBottom: false});
                (function(i,s,o,g,r,a,m){i['GoogleAnalyticsObject']=r;i[r]=i[r]||function(){(i[r].q=i[r].q||[]).push(arguments)},i[r].l=1*new Date();a=s.createElement(o),m=s.getElementsByTagName(o)[0];a.async=1;a.src=g;m.parentNode.insertBefore(a,m)})(window,document,'script','https://www.google-analytics.com/analytics.js','ga');
        ga('create', 'UA-80146209-1', 'auto');ga('send', 'pageview');
            </script>
  </body>
</html>
]]></system-out>
  </testcase>
  <testcase name="createUserHardCodedAPITest" classname="com.qa.gorest.tests.CreateUserAPITest" time="0.12">
    <failure message="expected [Pratik1] but found [[null]]" type="java.lang.AssertionError">java.lang.AssertionError: expected [Pratik1] but found [[null]]
	at com.qa.gorest.tests.CreateUserAPITest.createUserHardCodedAPITest(CreateUserAPITest.java:55)
</failure>
    <system-out><![CDATA[=== Creating a new user =====
Request method:	POST
Request URI:	https://gorest.co.in/public-api/users
Proxy:			<none>
Request params:	<none>
Query params:	<none>
Form params:	<none>
Path params:	<none>
Headers:		Authorization=Bearer g0JIGvfO6SIYnwmMYDM-Kp3nCYVw-xInSDif
				Accept=*/*
				Content-Type=application/json; charset=UTF-8
Cookies:		<none>
Multiparts:		<none>
Body:
{
    "first_name": "Gullu",
    "last_name": "mu",
    "gender": "female",
    "dob": "19-05-1980",
    "email": "gullumy@gmail.com",
    "phone": "+1-393-200-2225",
    "website": "https://www.google.com",
    "address": "prem park 1",
    "status": "active"
}
{
    "_meta": {
        "success": false,
        "code": 422,
        "message": "Data validation failed. Please check the response body for detailed error messages.",
        "rateLimit": {
            "limit": 60,
            "remaining": 53,
            "reset": 7
        }
    },
    "result": [
        {
            "field": "email",
            "message": "Email \"mahmqq1pnge@gmail.com\" has already been taken."
        }
    ]
}
{
    "_meta": {
        "success": false,
        "code": 422,
        "message": "Data validation failed. Please check the response body for detailed error messages.",
        "rateLimit": {
            "limit": 60,
            "remaining": 53,
            "reset": 7
        }
    },
    "result": [
        {
            "field": "email",
            "message": "Email \"mahmqq1pnge@gmail.com\" has already been taken."
        }
    ]
}
]]></system-out>
  </testcase>
  <testcase name="createUserAPIPUTTest_withSetter" classname="com.qa.gorest.tests.UpdateUserAPITest" time="1.102">
    <failure message="Failed to parse the JSON document" type="io.restassured.path.json.exception.JsonPathException"><![CDATA[io.restassured.path.json.exception.JsonPathException: Failed to parse the JSON document
	at com.qa.gorest.tests.UpdateUserAPITest.createUserAPIPUTTest_withSetter(UpdateUserAPITest.java:88)
Caused by: groovy.json.JsonException: Lexing failed on line: 1, column: 1, while reading '<', no possible valid JSON value or punctuation could be recognized.
	at com.qa.gorest.tests.UpdateUserAPITest.createUserAPIPUTTest_withSetter(UpdateUserAPITest.java:88)
]]></failure>
    <system-out><![CDATA[200
{
    "_meta": {
        "success": false,
        "code": 422,
        "message": "Data validation failed. Please check the response body for detailed error messages.",
        "rateLimit": {
            "limit": 60,
            "remaining": 52,
            "reset": 8
        }
    },
    "result": [
        {
            "field": "email",
            "message": "Email \"gullumy@gmail.com\" has already been taken."
        }
    ]
}
{
    "_meta": {
        "success": false,
        "code": 422,
        "message": "Data validation failed. Please check the response body for detailed error messages.",
        "rateLimit": {
            "limit": 60,
            "remaining": 52,
            "reset": 8
        }
    },
    "result": [
        {
            "field": "email",
            "message": "Email \"gullumy@gmail.com\" has already been taken."
        }
    ]
}
new user id is: [null]
================
Request method:	PUT
Request URI:	https://gorest.co.in/public-api/users/%5Bnull%5D
Proxy:			<none>
Request params:	<none>
Query params:	<none>
Form params:	<none>
Path params:	<none>
Headers:		Authorization=Bearer g0JIGvfO6SIYnwmMYDM-Kp3nCYVw-xInSDif
				Accept=*/*
				Content-Type=application/json; charset=UTF-8
Cookies:		<none>
Multiparts:		<none>
Body:
{
    "first_name": "Gullu",
    "last_name": "mu",
    "gender": "female",
    "dob": "19-05-1980",
    "email": "gullumy@gmail.com",
    "phone": "+1-393-300-8245",
    "website": "https://www.google.com",
    "address": "prem park 1",
    "status": "inactive"
}
<html lang="en-US">
  <head>
    <meta charset="UTF-8"/>
    <meta name="viewport" content="width=device-width, initial-scale=1"/>
    <link rel="icon" type="image/x-icon" href="/favicon.ico"/>
    <meta name="csrf-param" content="_csrf"/>
    <meta name="csrf-token" content="GJG83ZwhTWsOMT1HqD5XXAZmowqYS_XcaAsDqm0DS-JX4_mQ9BYUPDthSCDuZCAGfjDmPe8ZwZo_ajfJBjIasw=="/>
    <title>Not Found (#404) -  GO REST</title>
    <link href="/css/font-awesome.min.css?v=1559586182" rel="stylesheet"/>
    <link href="/css/site.mini.css?v=1585631720" rel="stylesheet"/>
  </head>
  <body ng-app="goRestModule">
    <div class="wrap">
      <div class="nav-wrap">
        <nav id="w0" class="navbar navbar-default navbar-fixed-top">
          <div class="container">
            <div class="navbar-header">
              <button type="button" class="navbar-toggle" data-toggle="collapse" data-target="#w0-collapse">
                <span class="sr-only">Toggle navigation</span>
                <span class="icon-bar"/>
                <span class="icon-bar"/>
                <span class="icon-bar"/>
              </button>
              <a shape="rect" class="navbar-brand" href="/">
                <i class="fa fa-exchange gutter-sm-right text-default fa-lg"/>
Go Rest              </a>
            </div>
            <div class="collapse navbar-collapse" id="w0-collapse">
              <ul class="navbar-nav navbar-right nav" id="w1">
                <li>
                  <a shape="rect" class="visible-xsd" href="/chandamama-kathalu.html">
                    <i class="fa fa-moon-o gutter-sm-right" aria-hidden="true"/>
Chandamama Stories                  </a>
                </li>
                <li>
                  <a shape="rect" href="/rest-console.html">
                    <i class="fa fa-linux gutter-sm-right" aria-hidden="true"/>
Rest Console                  </a>
                </li>
                <li class="dropdown">
                  <a shape="rect" class="dropdown-toggle" href="#" data-toggle="dropdown">
                    <i class="fa fa-wrench gutter-sm-right"/>
Tools                     <span class="caret"/>
                  </a>
                  <ul class="dropdown-menu" id="w2">
                    <li>
                      <a shape="rect" tabindex="-1" href="/cipher/base64-encode-decode.html">
                        <i class="fa fa-exchange gutter-sm-right" aria-hidden="true"/>
Base64 Encode/Decode                      </a>
                    </li>
                    <li>
                      <a shape="rect" tabindex="-1" href="/cipher/url-encode-decode.html">
                        <i class="fa fa-exchange gutter-sm-right" aria-hidden="true"/>
Url Encode/Decode                      </a>
                    </li>
                    <li>
                      <a shape="rect" tabindex="-1" href="/cipher/md5-encrypt.html">
                        <i class="fa fa-exchange gutter-sm-right" aria-hidden="true"/>
MD5 Encrypt                      </a>
                    </li>
                    <li>
                      <a shape="rect" tabindex="-1" href="/cipher/md5-decrypt.html">
                        <i class="fa fa-exchange gutter-sm-right" aria-hidden="true"/>
MD5 Decrypt                      </a>
                    </li>
                    <li>
                      <a shape="rect" tabindex="-1" href="/cipher/sha1-hash.html">
                        <i class="fa fa-exchange gutter-sm-right" aria-hidden="true"/>
Sha1 Hash                      </a>
                    </li>
                    <li>
                      <a shape="rect" tabindex="-1" href="/tools/gcode-translator.html">
                        <i class="fa fa-exchange gutter-sm-right" aria-hidden="true"/>
G-Code Translator                      </a>
                    </li>
                  </ul>
                </li>
                <li>
                  <a shape="rect" href="/user/login.html">
                    <i class="fa fa-lock gutter-sm-right" aria-hidden="true"/>
Login                  </a>
                </li>
              </ul>
            </div>
          </div>
        </nav>
      </div>
      <div class="container">
        <div class="clearfix"/>
        <div class="site-error">
          <h1>Not Found (#404)</h1>
          <div class="alert alert-danger">
        Page not found.    </div>
          <p>
        The above error occurred while the Web server was processing your request.
    </p>
          <p>
        Please contact us if you think this is a server error. Thank you.
    </p>
        </div>
      </div>
      <footer class="footer gutter-lg-top">
        <div class="container">
          <p class="pull-left gutter-md-right">© Go Rest 2020</p>
          <a shape="rect" class="pull-right" href="/contact.html">Contact Us</a>
          <a shape="rect" class="pull-right gutter-md-right" href="/privacy-policy.html">Privacy Policy</a>
        </div>
      </footer>
    </div>
    <script src="/assets/ab0d11a2/jquery.min.js?v=1589688128"/>
    <script src="/assets/fcf0edc9/js/bootstrap.min.js?v=1589688128"/>
    <script type="text/javascript">
        !function(t,e,i,n){var s,o="autoHidingNavbar",h=t(e),a=t(i),r=null,u=null,l=70,f=0,d=null,m=h.height(),c=!0,g={disableAutohide:!1,showOnUpscroll:!0,showOnBottom:!0,hideOffset:"auto",animationDuration:200,navbarOffset:0};function p(e,i){this.element=t(e),this.settings=t.extend({},g,i),this._defaults=g,this._name=o,this.init()}function w(e){c&amp;&amp;(e.element.addClass("navbar-hidden").animate({top:-1*parseInt(e.element.css("height"),10)+e.settings.navbarOffset},{queue:!1,duration:e.settings.animationDuration}),t(".dropdown.open .dropdown-toggle",e.element).dropdown("toggle"),c=!1,e.element.trigger("hide.autoHidingNavbar"))}function O(t){c||(t.element.removeClass("navbar-hidden").animate({top:0},{queue:!1,duration:t.settings.animationDuration}),c=!0,t.element.trigger("show.autoHidingNavbar"))}function v(t){t.settings.disableAutohide||(f=(new Date).getTime(),function(t){var e=h.scrollTop(),i=e-d;if(d=e,i&lt;0){if(c)return;(t.settings.showOnUpscroll||e&lt;=s)&amp;&amp;O(t)}else if(i&gt;0){if(!c)return void(t.settings.showOnBottom&amp;&amp;e+m===a.height()&amp;&amp;O(t));e&gt;=s&amp;&amp;w(t)}}(t))}p.prototype={init:function(){var t;return this.elements={navbar:this.element},this.setDisableAutohide(this.settings.disableAutohide),this.setShowOnUpscroll(this.settings.showOnUpscroll),this.setShowOnBottom(this.settings.showOnBottom),this.setHideOffset(this.settings.hideOffset),this.setAnimationDuration(this.settings.animationDuration),s="auto"===this.settings.hideOffset?parseInt(this.element.css("height"),10):this.settings.hideOffset,t=this,a.on("scroll."+o,function(){(new Date).getTime()-f&gt;l?v(t):(clearTimeout(r),r=setTimeout(function(){v(t)},l))}),h.on("resize."+o,function(){clearTimeout(u),u=setTimeout(function(){m=h.height()},l)}),this.element},setDisableAutohide:function(t){return this.settings.disableAutohide=t,this.element},setShowOnUpscroll:function(t){return this.settings.showOnUpscroll=t,this.element},setShowOnBottom:function(t){return this.settings.showOnBottom=t,this.element},setHideOffset:function(t){return this.settings.hideOffset=t,this.element},setAnimationDuration:function(t){return this.settings.animationDuration=t,this.element},show:function(){return O(this),this.element},hide:function(){return w(this),this.element},destroy:function(){return a.off("."+o),h.off("."+o),O(this),t.data(this,"plugin_"+o,null),this.element}},t.fn[o]=function(e){var i,n=arguments;return void 0===e||"object"==typeof e?this.each(function(){t.data(this,"plugin_"+o)||t.data(this,"plugin_"+o,new p(this,e))}):"string"==typeof e&amp;&amp;"_"!==e[0]&amp;&amp;"init"!==e?(this.each(function(){var s=t.data(this,"plugin_"+o);s instanceof p&amp;&amp;"function"==typeof s[e]&amp;&amp;(i=s[e].apply(s,Array.prototype.slice.call(n,1)))}),void 0!==i?i:this):void 0}}(jQuery,window,document);
        $(function(){$('input[type="text"]').length&amp;&amp;$('input[type="text"]').attr("autocomplete","off"),$('[data-toggle="tooltip"]').length&amp;&amp;$('[data-toggle="tooltip"]').tooltip({html:!0}),$('[data-toggle="popover"]').length&amp;&amp;$('[data-toggle="popover"]').popover({html:!0}),$(".alert-dismissible").length&amp;&amp;setTimeout(function(){$(".alert-dismissible").slideUp(function(){$(this).remove()})},5e3)});
        jQuery("nav.navbar-fixed-top").autoHidingNavbar({animationDuration:250, showOnUpscroll:true, showOnBottom: false});
                (function(i,s,o,g,r,a,m){i['GoogleAnalyticsObject']=r;i[r]=i[r]||function(){(i[r].q=i[r].q||[]).push(arguments)},i[r].l=1*new Date();a=s.createElement(o),m=s.getElementsByTagName(o)[0];a.async=1;a.src=g;m.parentNode.insertBefore(a,m)})(window,document,'script','https://www.google-analytics.com/analytics.js','ga');
        ga('create', 'UA-80146209-1', 'auto');ga('send', 'pageview');
            </script>
  </body>
</html>
<html lang="en-US">
  <head>
    <meta charset="UTF-8"/>
    <meta name="viewport" content="width=device-width, initial-scale=1"/>
    <link rel="icon" type="image/x-icon" href="/favicon.ico"/>
    <meta name="csrf-param" content="_csrf"/>
    <meta name="csrf-token" content="GJG83ZwhTWsOMT1HqD5XXAZmowqYS_XcaAsDqm0DS-JX4_mQ9BYUPDthSCDuZCAGfjDmPe8ZwZo_ajfJBjIasw=="/>
    <title>Not Found (#404) -  GO REST</title>
    <link href="/css/font-awesome.min.css?v=1559586182" rel="stylesheet"/>
    <link href="/css/site.mini.css?v=1585631720" rel="stylesheet"/>
  </head>
  <body ng-app="goRestModule">
    <div class="wrap">
      <div class="nav-wrap">
        <nav id="w0" class="navbar navbar-default navbar-fixed-top">
          <div class="container">
            <div class="navbar-header">
              <button type="button" class="navbar-toggle" data-toggle="collapse" data-target="#w0-collapse">
                <span class="sr-only">Toggle navigation</span>
                <span class="icon-bar"/>
                <span class="icon-bar"/>
                <span class="icon-bar"/>
              </button>
              <a shape="rect" class="navbar-brand" href="/">
                <i class="fa fa-exchange gutter-sm-right text-default fa-lg"/>
Go Rest              </a>
            </div>
            <div class="collapse navbar-collapse" id="w0-collapse">
              <ul class="navbar-nav navbar-right nav" id="w1">
                <li>
                  <a shape="rect" class="visible-xsd" href="/chandamama-kathalu.html">
                    <i class="fa fa-moon-o gutter-sm-right" aria-hidden="true"/>
Chandamama Stories                  </a>
                </li>
                <li>
                  <a shape="rect" href="/rest-console.html">
                    <i class="fa fa-linux gutter-sm-right" aria-hidden="true"/>
Rest Console                  </a>
                </li>
                <li class="dropdown">
                  <a shape="rect" class="dropdown-toggle" href="#" data-toggle="dropdown">
                    <i class="fa fa-wrench gutter-sm-right"/>
Tools                     <span class="caret"/>
                  </a>
                  <ul class="dropdown-menu" id="w2">
                    <li>
                      <a shape="rect" tabindex="-1" href="/cipher/base64-encode-decode.html">
                        <i class="fa fa-exchange gutter-sm-right" aria-hidden="true"/>
Base64 Encode/Decode                      </a>
                    </li>
                    <li>
                      <a shape="rect" tabindex="-1" href="/cipher/url-encode-decode.html">
                        <i class="fa fa-exchange gutter-sm-right" aria-hidden="true"/>
Url Encode/Decode                      </a>
                    </li>
                    <li>
                      <a shape="rect" tabindex="-1" href="/cipher/md5-encrypt.html">
                        <i class="fa fa-exchange gutter-sm-right" aria-hidden="true"/>
MD5 Encrypt                      </a>
                    </li>
                    <li>
                      <a shape="rect" tabindex="-1" href="/cipher/md5-decrypt.html">
                        <i class="fa fa-exchange gutter-sm-right" aria-hidden="true"/>
MD5 Decrypt                      </a>
                    </li>
                    <li>
                      <a shape="rect" tabindex="-1" href="/cipher/sha1-hash.html">
                        <i class="fa fa-exchange gutter-sm-right" aria-hidden="true"/>
Sha1 Hash                      </a>
                    </li>
                    <li>
                      <a shape="rect" tabindex="-1" href="/tools/gcode-translator.html">
                        <i class="fa fa-exchange gutter-sm-right" aria-hidden="true"/>
G-Code Translator                      </a>
                    </li>
                  </ul>
                </li>
                <li>
                  <a shape="rect" href="/user/login.html">
                    <i class="fa fa-lock gutter-sm-right" aria-hidden="true"/>
Login                  </a>
                </li>
              </ul>
            </div>
          </div>
        </nav>
      </div>
      <div class="container">
        <div class="clearfix"/>
        <div class="site-error">
          <h1>Not Found (#404)</h1>
          <div class="alert alert-danger">
        Page not found.    </div>
          <p>
        The above error occurred while the Web server was processing your request.
    </p>
          <p>
        Please contact us if you think this is a server error. Thank you.
    </p>
        </div>
      </div>
      <footer class="footer gutter-lg-top">
        <div class="container">
          <p class="pull-left gutter-md-right">© Go Rest 2020</p>
          <a shape="rect" class="pull-right" href="/contact.html">Contact Us</a>
          <a shape="rect" class="pull-right gutter-md-right" href="/privacy-policy.html">Privacy Policy</a>
        </div>
      </footer>
    </div>
    <script src="/assets/ab0d11a2/jquery.min.js?v=1589688128"/>
    <script src="/assets/fcf0edc9/js/bootstrap.min.js?v=1589688128"/>
    <script type="text/javascript">
        !function(t,e,i,n){var s,o="autoHidingNavbar",h=t(e),a=t(i),r=null,u=null,l=70,f=0,d=null,m=h.height(),c=!0,g={disableAutohide:!1,showOnUpscroll:!0,showOnBottom:!0,hideOffset:"auto",animationDuration:200,navbarOffset:0};function p(e,i){this.element=t(e),this.settings=t.extend({},g,i),this._defaults=g,this._name=o,this.init()}function w(e){c&amp;&amp;(e.element.addClass("navbar-hidden").animate({top:-1*parseInt(e.element.css("height"),10)+e.settings.navbarOffset},{queue:!1,duration:e.settings.animationDuration}),t(".dropdown.open .dropdown-toggle",e.element).dropdown("toggle"),c=!1,e.element.trigger("hide.autoHidingNavbar"))}function O(t){c||(t.element.removeClass("navbar-hidden").animate({top:0},{queue:!1,duration:t.settings.animationDuration}),c=!0,t.element.trigger("show.autoHidingNavbar"))}function v(t){t.settings.disableAutohide||(f=(new Date).getTime(),function(t){var e=h.scrollTop(),i=e-d;if(d=e,i&lt;0){if(c)return;(t.settings.showOnUpscroll||e&lt;=s)&amp;&amp;O(t)}else if(i&gt;0){if(!c)return void(t.settings.showOnBottom&amp;&amp;e+m===a.height()&amp;&amp;O(t));e&gt;=s&amp;&amp;w(t)}}(t))}p.prototype={init:function(){var t;return this.elements={navbar:this.element},this.setDisableAutohide(this.settings.disableAutohide),this.setShowOnUpscroll(this.settings.showOnUpscroll),this.setShowOnBottom(this.settings.showOnBottom),this.setHideOffset(this.settings.hideOffset),this.setAnimationDuration(this.settings.animationDuration),s="auto"===this.settings.hideOffset?parseInt(this.element.css("height"),10):this.settings.hideOffset,t=this,a.on("scroll."+o,function(){(new Date).getTime()-f&gt;l?v(t):(clearTimeout(r),r=setTimeout(function(){v(t)},l))}),h.on("resize."+o,function(){clearTimeout(u),u=setTimeout(function(){m=h.height()},l)}),this.element},setDisableAutohide:function(t){return this.settings.disableAutohide=t,this.element},setShowOnUpscroll:function(t){return this.settings.showOnUpscroll=t,this.element},setShowOnBottom:function(t){return this.settings.showOnBottom=t,this.element},setHideOffset:function(t){return this.settings.hideOffset=t,this.element},setAnimationDuration:function(t){return this.settings.animationDuration=t,this.element},show:function(){return O(this),this.element},hide:function(){return w(this),this.element},destroy:function(){return a.off("."+o),h.off("."+o),O(this),t.data(this,"plugin_"+o,null),this.element}},t.fn[o]=function(e){var i,n=arguments;return void 0===e||"object"==typeof e?this.each(function(){t.data(this,"plugin_"+o)||t.data(this,"plugin_"+o,new p(this,e))}):"string"==typeof e&amp;&amp;"_"!==e[0]&amp;&amp;"init"!==e?(this.each(function(){var s=t.data(this,"plugin_"+o);s instanceof p&amp;&amp;"function"==typeof s[e]&amp;&amp;(i=s[e].apply(s,Array.prototype.slice.call(n,1)))}),void 0!==i?i:this):void 0}}(jQuery,window,document);
        $(function(){$('input[type="text"]').length&amp;&amp;$('input[type="text"]').attr("autocomplete","off"),$('[data-toggle="tooltip"]').length&amp;&amp;$('[data-toggle="tooltip"]').tooltip({html:!0}),$('[data-toggle="popover"]').length&amp;&amp;$('[data-toggle="popover"]').popover({html:!0}),$(".alert-dismissible").length&amp;&amp;setTimeout(function(){$(".alert-dismissible").slideUp(function(){$(this).remove()})},5e3)});
        jQuery("nav.navbar-fixed-top").autoHidingNavbar({animationDuration:250, showOnUpscroll:true, showOnBottom: false});
                (function(i,s,o,g,r,a,m){i['GoogleAnalyticsObject']=r;i[r]=i[r]||function(){(i[r].q=i[r].q||[]).push(arguments)},i[r].l=1*new Date();a=s.createElement(o),m=s.getElementsByTagName(o)[0];a.async=1;a.src=g;m.parentNode.insertBefore(a,m)})(window,document,'script','https://www.google-analytics.com/analytics.js','ga');
        ga('create', 'UA-80146209-1', 'auto');ga('send', 'pageview');
            </script>
  </body>
</html>
]]></system-out>
  </testcase>
</testsuite>